<?xml version="1.0" encoding="UTF-8"?>
<coverage generated="1626813848675" clover="3.2.0">
  <project timestamp="1626813848675" name="All files">
    <metrics statements="288" coveredstatements="193" conditionals="168" coveredconditionals="135" methods="20" coveredmethods="6" elements="476" coveredelements="334" complexity="0" loc="288" ncloc="288" packages="1" files="1" classes="1"/>
    <file name="Form.js" path="/Users/grid/Desktop/Dev/pt calc/pt-calculator-app/Form.js">
      <metrics statements="288" coveredstatements="193" conditionals="168" coveredconditionals="135" methods="20" coveredmethods="6"/>
      <line num="6" count="1" type="stmt"/>
      <line num="13" count="1" type="stmt"/>
      <line num="54" count="1" type="stmt"/>
      <line num="77" count="1" type="stmt"/>
      <line num="103" count="1" type="stmt"/>
      <line num="109" count="1" type="stmt"/>
      <line num="149" count="1" type="stmt"/>
      <line num="171" count="1" type="stmt"/>
      <line num="197" count="1" type="stmt"/>
      <line num="203" count="1" type="stmt"/>
      <line num="241" count="1" type="stmt"/>
      <line num="264" count="1" type="stmt"/>
      <line num="291" count="1" type="stmt"/>
      <line num="297" count="1" type="stmt"/>
      <line num="332" count="1" type="stmt"/>
      <line num="355" count="1" type="stmt"/>
      <line num="382" count="1" type="stmt"/>
      <line num="388" count="1" type="stmt"/>
      <line num="419" count="1" type="stmt"/>
      <line num="443" count="1" type="stmt"/>
      <line num="470" count="1" type="stmt"/>
      <line num="476" count="1" type="stmt"/>
      <line num="510" count="1" type="stmt"/>
      <line num="535" count="1" type="stmt"/>
      <line num="562" count="1" type="stmt"/>
      <line num="568" count="1" type="stmt"/>
      <line num="597" count="1" type="stmt"/>
      <line num="623" count="1" type="stmt"/>
      <line num="650" count="1" type="stmt"/>
      <line num="656" count="1" type="stmt"/>
      <line num="682" count="1" type="stmt"/>
      <line num="709" count="1" type="stmt"/>
      <line num="736" count="1" type="stmt"/>
      <line num="742" count="1" type="stmt"/>
      <line num="766" count="1" type="stmt"/>
      <line num="794" count="1" type="stmt"/>
      <line num="820" count="1" type="stmt"/>
      <line num="826" count="1" type="stmt"/>
      <line num="863" count="1" type="stmt"/>
      <line num="887" count="1" type="stmt"/>
      <line num="913" count="1" type="stmt"/>
      <line num="919" count="1" type="stmt"/>
      <line num="957" count="1" type="stmt"/>
      <line num="981" count="1" type="stmt"/>
      <line num="1007" count="1" type="stmt"/>
      <line num="1013" count="1" type="stmt"/>
      <line num="1053" count="1" type="stmt"/>
      <line num="1077" count="1" type="stmt"/>
      <line num="1102" count="1" type="stmt"/>
      <line num="1108" count="1" type="stmt"/>
      <line num="1145" count="1" type="stmt"/>
      <line num="1168" count="1" type="stmt"/>
      <line num="1194" count="1" type="stmt"/>
      <line num="1200" count="1" type="stmt"/>
      <line num="1234" count="1" type="stmt"/>
      <line num="1259" count="1" type="stmt"/>
      <line num="1285" count="1" type="stmt"/>
      <line num="1291" count="1" type="stmt"/>
      <line num="1325" count="1" type="stmt"/>
      <line num="1346" count="1" type="stmt"/>
      <line num="1372" count="1" type="stmt"/>
      <line num="1378" count="1" type="stmt"/>
      <line num="1411" count="1" type="stmt"/>
      <line num="1431" count="1" type="stmt"/>
      <line num="1454" count="1" type="stmt"/>
      <line num="1460" count="1" type="stmt"/>
      <line num="1488" count="1" type="stmt"/>
      <line num="1513" count="1" type="stmt"/>
      <line num="1536" count="1" type="stmt"/>
      <line num="1542" count="1" type="stmt"/>
      <line num="1564" count="1" type="stmt"/>
      <line num="1592" count="1" type="stmt"/>
      <line num="1614" count="1" type="stmt"/>
      <line num="1630" count="1" type="stmt"/>
      <line num="1632" count="0" type="stmt"/>
      <line num="1633" count="0" type="stmt"/>
      <line num="1641" count="0" type="stmt"/>
      <line num="1642" count="0" type="stmt"/>
      <line num="1643" count="0" type="stmt"/>
      <line num="1644" count="0" type="stmt"/>
      <line num="1648" count="0" type="stmt"/>
      <line num="1649" count="0" type="stmt"/>
      <line num="1651" count="0" type="stmt"/>
      <line num="1652" count="0" type="stmt"/>
      <line num="1653" count="0" type="stmt"/>
      <line num="1654" count="0" type="stmt"/>
      <line num="1655" count="0" type="stmt"/>
      <line num="1656" count="0" type="stmt"/>
      <line num="1659" count="0" type="cond" truecount="0" falsecount="2"/>
      <line num="1660" count="0" type="stmt"/>
      <line num="1662" count="0" type="cond" truecount="0" falsecount="2"/>
      <line num="1663" count="0" type="stmt"/>
      <line num="1665" count="0" type="stmt"/>
      <line num="1666" count="0" type="stmt"/>
      <line num="1669" count="0" type="stmt"/>
      <line num="1673" count="0" type="stmt"/>
      <line num="1674" count="0" type="stmt"/>
      <line num="1676" count="0" type="stmt"/>
      <line num="1677" count="0" type="stmt"/>
      <line num="1678" count="0" type="cond" truecount="0" falsecount="2"/>
      <line num="1679" count="0" type="stmt"/>
      <line num="1680" count="0" type="cond" truecount="0" falsecount="2"/>
      <line num="1681" count="0" type="stmt"/>
      <line num="1682" count="0" type="stmt"/>
      <line num="1685" count="0" type="stmt"/>
      <line num="1686" count="0" type="stmt"/>
      <line num="1687" count="0" type="cond" truecount="0" falsecount="2"/>
      <line num="1688" count="0" type="stmt"/>
      <line num="1689" count="0" type="cond" truecount="0" falsecount="4"/>
      <line num="1690" count="0" type="stmt"/>
      <line num="1691" count="0" type="cond" truecount="0" falsecount="2"/>
      <line num="1692" count="0" type="stmt"/>
      <line num="1694" count="0" type="stmt"/>
      <line num="1700" count="18" type="stmt"/>
      <line num="1702" count="18" type="cond" truecount="2" falsecount="0"/>
      <line num="1703" count="9" type="cond" truecount="2" falsecount="0"/>
      <line num="1704" count="1" type="stmt"/>
      <line num="1705" count="1" type="stmt"/>
      <line num="1706" count="8" type="cond" truecount="4" falsecount="0"/>
      <line num="1707" count="1" type="stmt"/>
      <line num="1708" count="1" type="stmt"/>
      <line num="1709" count="7" type="cond" truecount="4" falsecount="0"/>
      <line num="1710" count="1" type="stmt"/>
      <line num="1711" count="1" type="stmt"/>
      <line num="1712" count="6" type="cond" truecount="4" falsecount="0"/>
      <line num="1713" count="1" type="stmt"/>
      <line num="1714" count="1" type="stmt"/>
      <line num="1715" count="5" type="cond" truecount="4" falsecount="0"/>
      <line num="1716" count="1" type="stmt"/>
      <line num="1717" count="1" type="stmt"/>
      <line num="1718" count="4" type="cond" truecount="4" falsecount="0"/>
      <line num="1719" count="1" type="stmt"/>
      <line num="1720" count="1" type="stmt"/>
      <line num="1721" count="3" type="cond" truecount="4" falsecount="0"/>
      <line num="1722" count="1" type="stmt"/>
      <line num="1723" count="1" type="stmt"/>
      <line num="1724" count="2" type="cond" truecount="4" falsecount="0"/>
      <line num="1725" count="1" type="stmt"/>
      <line num="1726" count="1" type="stmt"/>
      <line num="1727" count="1" type="cond" truecount="1" falsecount="1"/>
      <line num="1728" count="1" type="stmt"/>
      <line num="1729" count="1" type="stmt"/>
      <line num="1732" count="9" type="cond" truecount="2" falsecount="0"/>
      <line num="1733" count="1" type="stmt"/>
      <line num="1734" count="1" type="stmt"/>
      <line num="1735" count="8" type="cond" truecount="4" falsecount="0"/>
      <line num="1736" count="1" type="stmt"/>
      <line num="1737" count="1" type="stmt"/>
      <line num="1738" count="7" type="cond" truecount="4" falsecount="0"/>
      <line num="1739" count="1" type="stmt"/>
      <line num="1740" count="1" type="stmt"/>
      <line num="1741" count="6" type="cond" truecount="4" falsecount="0"/>
      <line num="1742" count="1" type="stmt"/>
      <line num="1743" count="1" type="stmt"/>
      <line num="1744" count="5" type="cond" truecount="4" falsecount="0"/>
      <line num="1745" count="1" type="stmt"/>
      <line num="1746" count="1" type="stmt"/>
      <line num="1747" count="4" type="cond" truecount="4" falsecount="0"/>
      <line num="1748" count="1" type="stmt"/>
      <line num="1749" count="1" type="stmt"/>
      <line num="1750" count="3" type="cond" truecount="4" falsecount="0"/>
      <line num="1751" count="1" type="stmt"/>
      <line num="1752" count="1" type="stmt"/>
      <line num="1753" count="2" type="cond" truecount="4" falsecount="0"/>
      <line num="1754" count="1" type="stmt"/>
      <line num="1755" count="1" type="stmt"/>
      <line num="1756" count="1" type="cond" truecount="1" falsecount="1"/>
      <line num="1757" count="1" type="stmt"/>
      <line num="1758" count="1" type="stmt"/>
      <line num="1766" count="126" type="cond" truecount="6" falsecount="0"/>
      <line num="1767" count="72" type="stmt"/>
      <line num="1769" count="54" type="cond" truecount="2" falsecount="0"/>
      <line num="1770" count="18" type="stmt"/>
      <line num="1773" count="36" type="stmt"/>
      <line num="1774" count="540" type="cond" truecount="2" falsecount="0"/>
      <line num="1775" count="36" type="stmt"/>
      <line num="1782" count="126" type="cond" truecount="6" falsecount="0"/>
      <line num="1783" count="72" type="stmt"/>
      <line num="1785" count="54" type="cond" truecount="2" falsecount="0"/>
      <line num="1786" count="19" type="stmt"/>
      <line num="1789" count="35" type="stmt"/>
      <line num="1790" count="367" type="cond" truecount="2" falsecount="0"/>
      <line num="1791" count="35" type="stmt"/>
      <line num="1798" count="126" type="stmt"/>
      <line num="1799" count="126" type="cond" truecount="4" falsecount="0"/>
      <line num="1800" count="54" type="stmt"/>
      <line num="1803" count="72" type="stmt"/>
      <line num="1804" count="824" type="cond" truecount="2" falsecount="0"/>
      <line num="1805" count="72" type="stmt"/>
      <line num="1806" count="72" type="stmt"/>
      <line num="1814" count="90" type="stmt"/>
      <line num="1815" count="90" type="cond" truecount="4" falsecount="0"/>
      <line num="1816" count="54" type="stmt"/>
      <line num="1818" count="36" type="stmt"/>
      <line num="1819" count="54" type="cond" truecount="2" falsecount="0"/>
      <line num="1820" count="36" type="stmt"/>
      <line num="1821" count="36" type="stmt"/>
      <line num="1829" count="19" type="stmt"/>
      <line num="1830" count="19" type="stmt"/>
      <line num="1832" count="19" type="cond" truecount="2" falsecount="0"/>
      <line num="1834" count="8" type="cond" truecount="4" falsecount="0"/>
      <line num="1835" count="2" type="stmt"/>
      <line num="1836" count="2" type="stmt"/>
      <line num="1839" count="6" type="cond" truecount="4" falsecount="0"/>
      <line num="1840" count="2" type="stmt"/>
      <line num="1841" count="2" type="stmt"/>
      <line num="1844" count="4" type="cond" truecount="4" falsecount="0"/>
      <line num="1846" count="2" type="stmt"/>
      <line num="1847" count="2" type="stmt"/>
      <line num="1849" count="2" type="stmt"/>
      <line num="1853" count="11" type="cond" truecount="2" falsecount="0"/>
      <line num="1855" count="3" type="cond" truecount="4" falsecount="0"/>
      <line num="1856" count="1" type="stmt"/>
      <line num="1857" count="1" type="stmt"/>
      <line num="1860" count="2" type="cond" truecount="4" falsecount="0"/>
      <line num="1861" count="1" type="stmt"/>
      <line num="1862" count="1" type="stmt"/>
      <line num="1865" count="1" type="cond" truecount="2" falsecount="2"/>
      <line num="1866" count="0" type="cond" truecount="0" falsecount="2"/>
      <line num="1867" count="0" type="stmt"/>
      <line num="1869" count="0" type="stmt"/>
      <line num="1872" count="1" type="stmt"/>
      <line num="1873" count="1" type="stmt"/>
      <line num="1877" count="8" type="cond" truecount="1" falsecount="1"/>
      <line num="1879" count="8" type="cond" truecount="4" falsecount="0"/>
      <line num="1880" count="2" type="stmt"/>
      <line num="1881" count="2" type="stmt"/>
      <line num="1884" count="6" type="cond" truecount="4" falsecount="0"/>
      <line num="1885" count="2" type="stmt"/>
      <line num="1886" count="2" type="stmt"/>
      <line num="1889" count="4" type="cond" truecount="4" falsecount="0"/>
      <line num="1890" count="2" type="stmt"/>
      <line num="1891" count="2" type="stmt"/>
      <line num="1893" count="2" type="stmt"/>
      <line num="1901" count="1" type="stmt"/>
      <line num="1903" count="0" type="stmt"/>
      <line num="1904" count="0" type="stmt"/>
      <line num="1905" count="0" type="stmt"/>
      <line num="1906" count="0" type="stmt"/>
      <line num="1907" count="0" type="stmt"/>
      <line num="1908" count="0" type="stmt"/>
      <line num="1912" count="0" type="cond" truecount="0" falsecount="2"/>
      <line num="1913" count="0" type="stmt"/>
      <line num="1914" count="0" type="stmt"/>
      <line num="1915" count="0" type="stmt"/>
      <line num="1916" count="0" type="stmt"/>
      <line num="1917" count="0" type="stmt"/>
      <line num="1919" count="0" type="stmt"/>
      <line num="1923" count="0" type="cond" truecount="0" falsecount="2"/>
      <line num="1924" count="0" type="stmt"/>
      <line num="1925" count="0" type="stmt"/>
      <line num="1926" count="0" type="stmt"/>
      <line num="1927" count="0" type="stmt"/>
      <line num="1928" count="0" type="stmt"/>
      <line num="1930" count="0" type="stmt"/>
      <line num="1934" count="0" type="cond" truecount="0" falsecount="2"/>
      <line num="1935" count="0" type="stmt"/>
      <line num="1936" count="0" type="stmt"/>
      <line num="1937" count="0" type="stmt"/>
      <line num="1938" count="0" type="stmt"/>
      <line num="1939" count="0" type="stmt"/>
      <line num="1941" count="0" type="stmt"/>
      <line num="1945" count="0" type="stmt"/>
      <line num="1946" count="0" type="stmt"/>
      <line num="1949" count="0" type="stmt"/>
      <line num="1950" count="0" type="stmt"/>
      <line num="1954" count="0" type="stmt"/>
      <line num="1955" count="0" type="stmt"/>
      <line num="1959" count="0" type="cond" truecount="0" falsecount="2"/>
      <line num="1960" count="0" type="stmt"/>
      <line num="1961" count="0" type="stmt"/>
      <line num="1962" count="0" type="stmt"/>
      <line num="1964" count="0" type="stmt"/>
      <line num="1965" count="0" type="stmt"/>
      <line num="1966" count="0" type="stmt"/>
      <line num="1970" count="0" type="stmt"/>
      <line num="1973" count="0" type="stmt"/>
      <line num="1977" count="0" type="stmt"/>
      <line num="1978" count="0" type="stmt"/>
      <line num="1982" count="0" type="cond" truecount="0" falsecount="2"/>
      <line num="1983" count="0" type="stmt"/>
      <line num="1984" count="0" type="stmt"/>
      <line num="1985" count="0" type="stmt"/>
      <line num="1987" count="0" type="stmt"/>
      <line num="1988" count="0" type="stmt"/>
      <line num="1989" count="0" type="stmt"/>
      <line num="1993" count="0" type="stmt"/>
      <line num="1996" count="0" type="stmt"/>
    </file>
  </project>
</coverage>
