{"/Users/grid/Desktop/Dev/pt calc/pt-calculator-app/Form.js": {"path":"/Users/grid/Desktop/Dev/pt calc/pt-calculator-app/Form.js","statementMap":{"0":{"start":{"line":6,"column":13},"end":{"line":6,"column":20}},"1":{"start":{"line":13,"column":25},"end":{"line":52,"column":3}},"2":{"start":{"line":54,"column":25},"end":{"line":75,"column":4}},"3":{"start":{"line":77,"column":25},"end":{"line":101,"column":3}},"4":{"start":{"line":103,"column":25},"end":{"line":106,"column":1}},"5":{"start":{"line":109,"column":25},"end":{"line":147,"column":3}},"6":{"start":{"line":149,"column":25},"end":{"line":169,"column":3}},"7":{"start":{"line":171,"column":25},"end":{"line":195,"column":5}},"8":{"start":{"line":197,"column":29},"end":{"line":200,"column":5}},"9":{"start":{"line":203,"column":25},"end":{"line":239,"column":3}},"10":{"start":{"line":241,"column":25},"end":{"line":262,"column":3}},"11":{"start":{"line":264,"column":25},"end":{"line":289,"column":3}},"12":{"start":{"line":291,"column":27},"end":{"line":294,"column":3}},"13":{"start":{"line":297,"column":25},"end":{"line":330,"column":3}},"14":{"start":{"line":332,"column":25},"end":{"line":353,"column":3}},"15":{"start":{"line":355,"column":25},"end":{"line":380,"column":3}},"16":{"start":{"line":382,"column":27},"end":{"line":385,"column":3}},"17":{"start":{"line":388,"column":25},"end":{"line":417,"column":3}},"18":{"start":{"line":419,"column":25},"end":{"line":441,"column":3}},"19":{"start":{"line":443,"column":25},"end":{"line":468,"column":3}},"20":{"start":{"line":470,"column":27},"end":{"line":473,"column":3}},"21":{"start":{"line":476,"column":25},"end":{"line":508,"column":3}},"22":{"start":{"line":510,"column":25},"end":{"line":533,"column":3}},"23":{"start":{"line":535,"column":25},"end":{"line":560,"column":3}},"24":{"start":{"line":562,"column":27},"end":{"line":565,"column":3}},"25":{"start":{"line":568,"column":25},"end":{"line":595,"column":3}},"26":{"start":{"line":597,"column":25},"end":{"line":621,"column":3}},"27":{"start":{"line":623,"column":25},"end":{"line":648,"column":3}},"28":{"start":{"line":650,"column":27},"end":{"line":653,"column":3}},"29":{"start":{"line":656,"column":25},"end":{"line":680,"column":3}},"30":{"start":{"line":682,"column":25},"end":{"line":707,"column":3}},"31":{"start":{"line":709,"column":25},"end":{"line":734,"column":3}},"32":{"start":{"line":736,"column":27},"end":{"line":739,"column":3}},"33":{"start":{"line":742,"column":22},"end":{"line":764,"column":3}},"34":{"start":{"line":766,"column":22},"end":{"line":792,"column":3}},"35":{"start":{"line":794,"column":22},"end":{"line":818,"column":3}},"36":{"start":{"line":820,"column":24},"end":{"line":823,"column":3}},"37":{"start":{"line":826,"column":25},"end":{"line":861,"column":3}},"38":{"start":{"line":863,"column":25},"end":{"line":885,"column":3}},"39":{"start":{"line":887,"column":25},"end":{"line":911,"column":3}},"40":{"start":{"line":913,"column":27},"end":{"line":916,"column":3}},"41":{"start":{"line":919,"column":25},"end":{"line":955,"column":3}},"42":{"start":{"line":957,"column":25},"end":{"line":979,"column":3}},"43":{"start":{"line":981,"column":25},"end":{"line":1005,"column":1}},"44":{"start":{"line":1007,"column":25},"end":{"line":1010,"column":1}},"45":{"start":{"line":1013,"column":25},"end":{"line":1051,"column":3}},"46":{"start":{"line":1053,"column":25},"end":{"line":1075,"column":3}},"47":{"start":{"line":1077,"column":25},"end":{"line":1100,"column":3}},"48":{"start":{"line":1102,"column":27},"end":{"line":1105,"column":3}},"49":{"start":{"line":1108,"column":25},"end":{"line":1143,"column":3}},"50":{"start":{"line":1145,"column":25},"end":{"line":1166,"column":3}},"51":{"start":{"line":1168,"column":25},"end":{"line":1192,"column":3}},"52":{"start":{"line":1194,"column":27},"end":{"line":1197,"column":3}},"53":{"start":{"line":1200,"column":25},"end":{"line":1232,"column":3}},"54":{"start":{"line":1234,"column":25},"end":{"line":1257,"column":3}},"55":{"start":{"line":1259,"column":24},"end":{"line":1283,"column":3}},"56":{"start":{"line":1285,"column":27},"end":{"line":1288,"column":3}},"57":{"start":{"line":1291,"column":25},"end":{"line":1323,"column":3}},"58":{"start":{"line":1325,"column":25},"end":{"line":1344,"column":3}},"59":{"start":{"line":1346,"column":25},"end":{"line":1370,"column":3}},"60":{"start":{"line":1372,"column":27},"end":{"line":1375,"column":3}},"61":{"start":{"line":1378,"column":25},"end":{"line":1409,"column":3}},"62":{"start":{"line":1411,"column":25},"end":{"line":1429,"column":3}},"63":{"start":{"line":1431,"column":25},"end":{"line":1452,"column":3}},"64":{"start":{"line":1454,"column":27},"end":{"line":1457,"column":3}},"65":{"start":{"line":1460,"column":25},"end":{"line":1486,"column":3}},"66":{"start":{"line":1488,"column":25},"end":{"line":1511,"column":3}},"67":{"start":{"line":1513,"column":25},"end":{"line":1534,"column":3}},"68":{"start":{"line":1536,"column":27},"end":{"line":1539,"column":3}},"69":{"start":{"line":1542,"column":22},"end":{"line":1562,"column":3}},"70":{"start":{"line":1564,"column":22},"end":{"line":1590,"column":3}},"71":{"start":{"line":1592,"column":22},"end":{"line":1612,"column":3}},"72":{"start":{"line":1614,"column":24},"end":{"line":1617,"column":3}},"73":{"start":{"line":1630,"column":0},"end":{"line":1635,"column":3}},"74":{"start":{"line":1632,"column":19},"end":{"line":1632,"column":55}},"75":{"start":{"line":1633,"column":4},"end":{"line":1633,"column":51}},"76":{"start":{"line":1641,"column":20},"end":{"line":1641,"column":60}},"77":{"start":{"line":1642,"column":20},"end":{"line":1642,"column":66}},"78":{"start":{"line":1643,"column":21},"end":{"line":1643,"column":23}},"79":{"start":{"line":1644,"column":22},"end":{"line":1644,"column":24}},"80":{"start":{"line":1648,"column":4},"end":{"line":1650,"column":5}},"81":{"start":{"line":1648,"column":16},"end":{"line":1648,"column":17}},"82":{"start":{"line":1649,"column":8},"end":{"line":1649,"column":43}},"83":{"start":{"line":1651,"column":17},"end":{"line":1651,"column":30}},"84":{"start":{"line":1652,"column":13},"end":{"line":1652,"column":36}},"85":{"start":{"line":1653,"column":18},"end":{"line":1653,"column":41}},"86":{"start":{"line":1654,"column":18},"end":{"line":1654,"column":41}},"87":{"start":{"line":1655,"column":17},"end":{"line":1655,"column":40}},"88":{"start":{"line":1656,"column":18},"end":{"line":1656,"column":41}},"89":{"start":{"line":1659,"column":4},"end":{"line":1661,"column":5}},"90":{"start":{"line":1660,"column":8},"end":{"line":1660,"column":32}},"91":{"start":{"line":1662,"column":4},"end":{"line":1664,"column":5}},"92":{"start":{"line":1663,"column":8},"end":{"line":1663,"column":31}},"93":{"start":{"line":1665,"column":18},"end":{"line":1665,"column":40}},"94":{"start":{"line":1666,"column":21},"end":{"line":1666,"column":43}},"95":{"start":{"line":1669,"column":24},"end":{"line":1669,"column":46}},"96":{"start":{"line":1673,"column":4},"end":{"line":1675,"column":5}},"97":{"start":{"line":1673,"column":16},"end":{"line":1673,"column":17}},"98":{"start":{"line":1674,"column":8},"end":{"line":1674,"column":46}},"99":{"start":{"line":1676,"column":23},"end":{"line":1676,"column":63}},"100":{"start":{"line":1677,"column":22},"end":{"line":1677,"column":60}},"101":{"start":{"line":1678,"column":4},"end":{"line":1683,"column":5}},"102":{"start":{"line":1679,"column":21},"end":{"line":1679,"column":60}},"103":{"start":{"line":1680,"column":11},"end":{"line":1683,"column":5}},"104":{"start":{"line":1681,"column":21},"end":{"line":1681,"column":61}},"105":{"start":{"line":1682,"column":6},"end":{"line":1682,"column":38}},"106":{"start":{"line":1685,"column":17},"end":{"line":1685,"column":77}},"107":{"start":{"line":1686,"column":16},"end":{"line":1686,"column":40}},"108":{"start":{"line":1687,"column":4},"end":{"line":1693,"column":5}},"109":{"start":{"line":1688,"column":6},"end":{"line":1688,"column":175}},"110":{"start":{"line":1689,"column":11},"end":{"line":1693,"column":5}},"111":{"start":{"line":1690,"column":6},"end":{"line":1690,"column":178}},"112":{"start":{"line":1691,"column":11},"end":{"line":1693,"column":5}},"113":{"start":{"line":1692,"column":6},"end":{"line":1692,"column":183}},"114":{"start":{"line":1694,"column":4},"end":{"line":1694,"column":22}},"115":{"start":{"line":1700,"column":24},"end":{"line":1700,"column":26}},"116":{"start":{"line":1702,"column":3},"end":{"line":1761,"column":3}},"117":{"start":{"line":1703,"column":6},"end":{"line":1730,"column":7}},"118":{"start":{"line":1704,"column":8},"end":{"line":1704,"column":107}},"119":{"start":{"line":1705,"column":10},"end":{"line":1705,"column":31}},"120":{"start":{"line":1706,"column":13},"end":{"line":1730,"column":7}},"121":{"start":{"line":1707,"column":8},"end":{"line":1707,"column":106}},"122":{"start":{"line":1708,"column":10},"end":{"line":1708,"column":31}},"123":{"start":{"line":1709,"column":13},"end":{"line":1730,"column":7}},"124":{"start":{"line":1710,"column":8},"end":{"line":1710,"column":106}},"125":{"start":{"line":1711,"column":10},"end":{"line":1711,"column":31}},"126":{"start":{"line":1712,"column":13},"end":{"line":1730,"column":7}},"127":{"start":{"line":1713,"column":8},"end":{"line":1713,"column":106}},"128":{"start":{"line":1714,"column":10},"end":{"line":1714,"column":31}},"129":{"start":{"line":1715,"column":13},"end":{"line":1730,"column":7}},"130":{"start":{"line":1716,"column":8},"end":{"line":1716,"column":106}},"131":{"start":{"line":1717,"column":10},"end":{"line":1717,"column":31}},"132":{"start":{"line":1718,"column":13},"end":{"line":1730,"column":7}},"133":{"start":{"line":1719,"column":8},"end":{"line":1719,"column":106}},"134":{"start":{"line":1720,"column":10},"end":{"line":1720,"column":31}},"135":{"start":{"line":1721,"column":13},"end":{"line":1730,"column":7}},"136":{"start":{"line":1722,"column":8},"end":{"line":1722,"column":106}},"137":{"start":{"line":1723,"column":10},"end":{"line":1723,"column":31}},"138":{"start":{"line":1724,"column":13},"end":{"line":1730,"column":7}},"139":{"start":{"line":1725,"column":8},"end":{"line":1725,"column":106}},"140":{"start":{"line":1726,"column":10},"end":{"line":1726,"column":31}},"141":{"start":{"line":1727,"column":13},"end":{"line":1730,"column":7}},"142":{"start":{"line":1728,"column":8},"end":{"line":1728,"column":94}},"143":{"start":{"line":1729,"column":10},"end":{"line":1729,"column":31}},"144":{"start":{"line":1732,"column":8},"end":{"line":1759,"column":5}},"145":{"start":{"line":1733,"column":6},"end":{"line":1733,"column":105}},"146":{"start":{"line":1734,"column":8},"end":{"line":1734,"column":29}},"147":{"start":{"line":1735,"column":11},"end":{"line":1759,"column":5}},"148":{"start":{"line":1736,"column":6},"end":{"line":1736,"column":104}},"149":{"start":{"line":1737,"column":8},"end":{"line":1737,"column":29}},"150":{"start":{"line":1738,"column":11},"end":{"line":1759,"column":5}},"151":{"start":{"line":1739,"column":6},"end":{"line":1739,"column":104}},"152":{"start":{"line":1740,"column":8},"end":{"line":1740,"column":29}},"153":{"start":{"line":1741,"column":11},"end":{"line":1759,"column":5}},"154":{"start":{"line":1742,"column":6},"end":{"line":1742,"column":104}},"155":{"start":{"line":1743,"column":8},"end":{"line":1743,"column":29}},"156":{"start":{"line":1744,"column":11},"end":{"line":1759,"column":5}},"157":{"start":{"line":1745,"column":6},"end":{"line":1745,"column":104}},"158":{"start":{"line":1746,"column":8},"end":{"line":1746,"column":29}},"159":{"start":{"line":1747,"column":11},"end":{"line":1759,"column":5}},"160":{"start":{"line":1748,"column":6},"end":{"line":1748,"column":104}},"161":{"start":{"line":1749,"column":8},"end":{"line":1749,"column":29}},"162":{"start":{"line":1750,"column":11},"end":{"line":1759,"column":5}},"163":{"start":{"line":1751,"column":6},"end":{"line":1751,"column":104}},"164":{"start":{"line":1752,"column":8},"end":{"line":1752,"column":29}},"165":{"start":{"line":1753,"column":11},"end":{"line":1759,"column":5}},"166":{"start":{"line":1754,"column":6},"end":{"line":1754,"column":104}},"167":{"start":{"line":1755,"column":8},"end":{"line":1755,"column":29}},"168":{"start":{"line":1756,"column":11},"end":{"line":1759,"column":5}},"169":{"start":{"line":1757,"column":6},"end":{"line":1757,"column":92}},"170":{"start":{"line":1758,"column":8},"end":{"line":1758,"column":29}},"171":{"start":{"line":1766,"column":4},"end":{"line":1778,"column":5}},"172":{"start":{"line":1767,"column":8},"end":{"line":1767,"column":16}},"173":{"start":{"line":1769,"column":9},"end":{"line":1778,"column":5}},"174":{"start":{"line":1770,"column":6},"end":{"line":1770,"column":15}},"175":{"start":{"line":1773,"column":8},"end":{"line":1777,"column":9}},"176":{"start":{"line":1773,"column":20},"end":{"line":1773,"column":21}},"177":{"start":{"line":1774,"column":12},"end":{"line":1776,"column":13}},"178":{"start":{"line":1775,"column":12},"end":{"line":1775,"column":39}},"179":{"start":{"line":1782,"column":2},"end":{"line":1794,"column":5}},"180":{"start":{"line":1783,"column":6},"end":{"line":1783,"column":14}},"181":{"start":{"line":1785,"column":9},"end":{"line":1794,"column":5}},"182":{"start":{"line":1786,"column":8},"end":{"line":1786,"column":17}},"183":{"start":{"line":1789,"column":8},"end":{"line":1793,"column":9}},"184":{"start":{"line":1789,"column":20},"end":{"line":1789,"column":21}},"185":{"start":{"line":1790,"column":12},"end":{"line":1792,"column":13}},"186":{"start":{"line":1791,"column":12},"end":{"line":1791,"column":39}},"187":{"start":{"line":1798,"column":20},"end":{"line":1798,"column":43}},"188":{"start":{"line":1799,"column":4},"end":{"line":1809,"column":5}},"189":{"start":{"line":1800,"column":8},"end":{"line":1800,"column":17}},"190":{"start":{"line":1803,"column":8},"end":{"line":1808,"column":9}},"191":{"start":{"line":1803,"column":20},"end":{"line":1803,"column":21}},"192":{"start":{"line":1804,"column":12},"end":{"line":1807,"column":13}},"193":{"start":{"line":1805,"column":28},"end":{"line":1805,"column":51}},"194":{"start":{"line":1806,"column":16},"end":{"line":1806,"column":29}},"195":{"start":{"line":1814,"column":18},"end":{"line":1814,"column":41}},"196":{"start":{"line":1815,"column":2},"end":{"line":1824,"column":3}},"197":{"start":{"line":1816,"column":4},"end":{"line":1816,"column":13}},"198":{"start":{"line":1818,"column":4},"end":{"line":1823,"column":5}},"199":{"start":{"line":1818,"column":16},"end":{"line":1818,"column":17}},"200":{"start":{"line":1819,"column":6},"end":{"line":1822,"column":7}},"201":{"start":{"line":1820,"column":19},"end":{"line":1820,"column":43}},"202":{"start":{"line":1821,"column":8},"end":{"line":1821,"column":20}},"203":{"start":{"line":1829,"column":2},"end":{"line":1829,"column":44}},"204":{"start":{"line":1830,"column":19},"end":{"line":1830,"column":63}},"205":{"start":{"line":1832,"column":2},"end":{"line":1895,"column":3}},"206":{"start":{"line":1834,"column":6},"end":{"line":1850,"column":7}},"207":{"start":{"line":1835,"column":10},"end":{"line":1835,"column":46}},"208":{"start":{"line":1836,"column":10},"end":{"line":1836,"column":28}},"209":{"start":{"line":1839,"column":11},"end":{"line":1850,"column":7}},"210":{"start":{"line":1840,"column":10},"end":{"line":1840,"column":46}},"211":{"start":{"line":1841,"column":10},"end":{"line":1841,"column":28}},"212":{"start":{"line":1844,"column":11},"end":{"line":1850,"column":7}},"213":{"start":{"line":1846,"column":10},"end":{"line":1846,"column":46}},"214":{"start":{"line":1847,"column":10},"end":{"line":1847,"column":28}},"215":{"start":{"line":1849,"column":8},"end":{"line":1849,"column":26}},"216":{"start":{"line":1853,"column":7},"end":{"line":1895,"column":3}},"217":{"start":{"line":1855,"column":6},"end":{"line":1874,"column":7}},"218":{"start":{"line":1856,"column":10},"end":{"line":1856,"column":46}},"219":{"start":{"line":1857,"column":10},"end":{"line":1857,"column":28}},"220":{"start":{"line":1860,"column":11},"end":{"line":1874,"column":7}},"221":{"start":{"line":1861,"column":10},"end":{"line":1861,"column":46}},"222":{"start":{"line":1862,"column":10},"end":{"line":1862,"column":28}},"223":{"start":{"line":1865,"column":11},"end":{"line":1874,"column":7}},"224":{"start":{"line":1866,"column":8},"end":{"line":1870,"column":9}},"225":{"start":{"line":1867,"column":10},"end":{"line":1867,"column":40}},"226":{"start":{"line":1869,"column":10},"end":{"line":1869,"column":45}},"227":{"start":{"line":1872,"column":8},"end":{"line":1872,"column":65}},"228":{"start":{"line":1873,"column":8},"end":{"line":1873,"column":26}},"229":{"start":{"line":1877,"column":7},"end":{"line":1895,"column":3}},"230":{"start":{"line":1879,"column":6},"end":{"line":1894,"column":7}},"231":{"start":{"line":1880,"column":10},"end":{"line":1880,"column":46}},"232":{"start":{"line":1881,"column":10},"end":{"line":1881,"column":28}},"233":{"start":{"line":1884,"column":11},"end":{"line":1894,"column":7}},"234":{"start":{"line":1885,"column":10},"end":{"line":1885,"column":46}},"235":{"start":{"line":1886,"column":10},"end":{"line":1886,"column":28}},"236":{"start":{"line":1889,"column":11},"end":{"line":1894,"column":7}},"237":{"start":{"line":1890,"column":8},"end":{"line":1890,"column":60}},"238":{"start":{"line":1891,"column":8},"end":{"line":1891,"column":32}},"239":{"start":{"line":1893,"column":8},"end":{"line":1893,"column":52}},"240":{"start":{"line":1901,"column":0},"end":{"line":1999,"column":3}},"241":{"start":{"line":1903,"column":18},"end":{"line":1903,"column":51}},"242":{"start":{"line":1904,"column":20},"end":{"line":1904,"column":55}},"243":{"start":{"line":1905,"column":19},"end":{"line":1905,"column":53}},"244":{"start":{"line":1906,"column":0},"end":{"line":1906,"column":58}},"245":{"start":{"line":1907,"column":0},"end":{"line":1907,"column":57}},"246":{"start":{"line":1908,"column":0},"end":{"line":1908,"column":56}},"247":{"start":{"line":1912,"column":4},"end":{"line":1920,"column":5}},"248":{"start":{"line":1913,"column":39},"end":{"line":1913,"column":109}},"249":{"start":{"line":1914,"column":39},"end":{"line":1914,"column":109}},"250":{"start":{"line":1915,"column":26},"end":{"line":1915,"column":82}},"251":{"start":{"line":1916,"column":26},"end":{"line":1916,"column":82}},"252":{"start":{"line":1917,"column":8},"end":{"line":1917,"column":33}},"253":{"start":{"line":1919,"column":8},"end":{"line":1919,"column":20}},"254":{"start":{"line":1923,"column":4},"end":{"line":1931,"column":5}},"255":{"start":{"line":1924,"column":37},"end":{"line":1924,"column":106}},"256":{"start":{"line":1925,"column":37},"end":{"line":1925,"column":106}},"257":{"start":{"line":1926,"column":29},"end":{"line":1926,"column":86}},"258":{"start":{"line":1927,"column":29},"end":{"line":1927,"column":86}},"259":{"start":{"line":1928,"column":8},"end":{"line":1928,"column":32}},"260":{"start":{"line":1930,"column":8},"end":{"line":1930,"column":20}},"261":{"start":{"line":1934,"column":4},"end":{"line":1942,"column":5}},"262":{"start":{"line":1935,"column":36},"end":{"line":1935,"column":105}},"263":{"start":{"line":1936,"column":36},"end":{"line":1936,"column":105}},"264":{"start":{"line":1937,"column":28},"end":{"line":1937,"column":85}},"265":{"start":{"line":1938,"column":28},"end":{"line":1938,"column":85}},"266":{"start":{"line":1939,"column":8},"end":{"line":1939,"column":32}},"267":{"start":{"line":1941,"column":8},"end":{"line":1941,"column":20}},"268":{"start":{"line":1945,"column":33},"end":{"line":1945,"column":99}},"269":{"start":{"line":1946,"column":33},"end":{"line":1946,"column":99}},"270":{"start":{"line":1949,"column":33},"end":{"line":1949,"column":100}},"271":{"start":{"line":1950,"column":33},"end":{"line":1950,"column":100}},"272":{"start":{"line":1954,"column":24},"end":{"line":1954,"column":63}},"273":{"start":{"line":1955,"column":0},"end":{"line":1955,"column":66}},"274":{"start":{"line":1959,"column":4},"end":{"line":1967,"column":5}},"275":{"start":{"line":1960,"column":35},"end":{"line":1960,"column":99}},"276":{"start":{"line":1961,"column":28},"end":{"line":1961,"column":82}},"277":{"start":{"line":1962,"column":8},"end":{"line":1962,"column":32}},"278":{"start":{"line":1964,"column":35},"end":{"line":1964,"column":112}},"279":{"start":{"line":1965,"column":25},"end":{"line":1965,"column":80}},"280":{"start":{"line":1966,"column":8},"end":{"line":1966,"column":31}},"281":{"start":{"line":1970,"column":28},"end":{"line":1970,"column":102}},"282":{"start":{"line":1973,"column":28},"end":{"line":1973,"column":89}},"283":{"start":{"line":1977,"column":23},"end":{"line":1977,"column":61}},"284":{"start":{"line":1978,"column":0},"end":{"line":1978,"column":64}},"285":{"start":{"line":1982,"column":4},"end":{"line":1990,"column":5}},"286":{"start":{"line":1983,"column":34},"end":{"line":1983,"column":98}},"287":{"start":{"line":1984,"column":28},"end":{"line":1984,"column":82}},"288":{"start":{"line":1985,"column":8},"end":{"line":1985,"column":31}},"289":{"start":{"line":1987,"column":34},"end":{"line":1987,"column":111}},"290":{"start":{"line":1988,"column":25},"end":{"line":1988,"column":80}},"291":{"start":{"line":1989,"column":8},"end":{"line":1989,"column":30}},"292":{"start":{"line":1993,"column":27},"end":{"line":1993,"column":101}},"293":{"start":{"line":1996,"column":27},"end":{"line":1996,"column":88}}},"fnMap":{"0":{"name":"(anonymous_0)","decl":{"start":{"line":1630,"column":46},"end":{"line":1630,"column":47}},"loc":{"start":{"line":1630,"column":58},"end":{"line":1635,"column":1}},"line":1630},"1":{"name":"myfunction","decl":{"start":{"line":1638,"column":9},"end":{"line":1638,"column":19}},"loc":{"start":{"line":1638,"column":21},"end":{"line":1695,"column":1}},"line":1638},"2":{"name":"ageGetter","decl":{"start":{"line":1699,"column":9},"end":{"line":1699,"column":18}},"loc":{"start":{"line":1699,"column":42},"end":{"line":1763,"column":1}},"line":1699},"3":{"name":"pushUpsGetter","decl":{"start":{"line":1765,"column":9},"end":{"line":1765,"column":22}},"loc":{"start":{"line":1765,"column":44},"end":{"line":1779,"column":1}},"line":1765},"4":{"name":"sitUpsGetter","decl":{"start":{"line":1781,"column":9},"end":{"line":1781,"column":21}},"loc":{"start":{"line":1781,"column":41},"end":{"line":1795,"column":3}},"line":1781},"5":{"name":"runGetter","decl":{"start":{"line":1797,"column":9},"end":{"line":1797,"column":18}},"loc":{"start":{"line":1797,"column":43},"end":{"line":1810,"column":1}},"line":1797},"6":{"name":"walkGetter","decl":{"start":{"line":1813,"column":9},"end":{"line":1813,"column":19}},"loc":{"start":{"line":1813,"column":47},"end":{"line":1825,"column":1}},"line":1813},"7":{"name":"finalScore","decl":{"start":{"line":1828,"column":9},"end":{"line":1828,"column":19}},"loc":{"start":{"line":1828,"column":71},"end":{"line":1896,"column":1}},"line":1828},"8":{"name":"(anonymous_8)","decl":{"start":{"line":1901,"column":46},"end":{"line":1901,"column":47}},"loc":{"start":{"line":1901,"column":58},"end":{"line":1999,"column":1}},"line":1901},"9":{"name":"exemptRadioChanged","decl":{"start":{"line":1911,"column":9},"end":{"line":1911,"column":27}},"loc":{"start":{"line":1911,"column":29},"end":{"line":1921,"column":1}},"line":1911},"10":{"name":"walkRadioChanged","decl":{"start":{"line":1922,"column":9},"end":{"line":1922,"column":25}},"loc":{"start":{"line":1922,"column":27},"end":{"line":1932,"column":1}},"line":1922},"11":{"name":"runRadioChanged","decl":{"start":{"line":1933,"column":9},"end":{"line":1933,"column":24}},"loc":{"start":{"line":1933,"column":26},"end":{"line":1943,"column":1}},"line":1933},"12":{"name":"addNewRunWalkClassFunc","decl":{"start":{"line":1944,"column":9},"end":{"line":1944,"column":31}},"loc":{"start":{"line":1944,"column":33},"end":{"line":1947,"column":1}},"line":1944},"13":{"name":"returnOldRunWalkClass","decl":{"start":{"line":1948,"column":9},"end":{"line":1948,"column":30}},"loc":{"start":{"line":1948,"column":32},"end":{"line":1951,"column":1}},"line":1948},"14":{"name":"pushUpWaiverChanged","decl":{"start":{"line":1958,"column":9},"end":{"line":1958,"column":28}},"loc":{"start":{"line":1958,"column":30},"end":{"line":1968,"column":1}},"line":1958},"15":{"name":"addNewPushUpClassFunc","decl":{"start":{"line":1969,"column":9},"end":{"line":1969,"column":30}},"loc":{"start":{"line":1969,"column":32},"end":{"line":1971,"column":1}},"line":1969},"16":{"name":"returnOldPushUpClass","decl":{"start":{"line":1972,"column":9},"end":{"line":1972,"column":29}},"loc":{"start":{"line":1972,"column":31},"end":{"line":1974,"column":1}},"line":1972},"17":{"name":"sitUpWaiverChanged","decl":{"start":{"line":1981,"column":9},"end":{"line":1981,"column":27}},"loc":{"start":{"line":1981,"column":29},"end":{"line":1991,"column":1}},"line":1981},"18":{"name":"addNewSitUpClassFunc","decl":{"start":{"line":1992,"column":9},"end":{"line":1992,"column":29}},"loc":{"start":{"line":1992,"column":31},"end":{"line":1994,"column":1}},"line":1992},"19":{"name":"returnOldSitUpClass","decl":{"start":{"line":1995,"column":9},"end":{"line":1995,"column":28}},"loc":{"start":{"line":1995,"column":30},"end":{"line":1997,"column":1}},"line":1995}},"branchMap":{"0":{"loc":{"start":{"line":1659,"column":4},"end":{"line":1661,"column":5}},"type":"if","locations":[{"start":{"line":1659,"column":4},"end":{"line":1661,"column":5}},{"start":{"line":1659,"column":4},"end":{"line":1661,"column":5}}],"line":1659},"1":{"loc":{"start":{"line":1662,"column":4},"end":{"line":1664,"column":5}},"type":"if","locations":[{"start":{"line":1662,"column":4},"end":{"line":1664,"column":5}},{"start":{"line":1662,"column":4},"end":{"line":1664,"column":5}}],"line":1662},"2":{"loc":{"start":{"line":1678,"column":4},"end":{"line":1683,"column":5}},"type":"if","locations":[{"start":{"line":1678,"column":4},"end":{"line":1683,"column":5}},{"start":{"line":1678,"column":4},"end":{"line":1683,"column":5}}],"line":1678},"3":{"loc":{"start":{"line":1680,"column":11},"end":{"line":1683,"column":5}},"type":"if","locations":[{"start":{"line":1680,"column":11},"end":{"line":1683,"column":5}},{"start":{"line":1680,"column":11},"end":{"line":1683,"column":5}}],"line":1680},"4":{"loc":{"start":{"line":1687,"column":4},"end":{"line":1693,"column":5}},"type":"if","locations":[{"start":{"line":1687,"column":4},"end":{"line":1693,"column":5}},{"start":{"line":1687,"column":4},"end":{"line":1693,"column":5}}],"line":1687},"5":{"loc":{"start":{"line":1689,"column":11},"end":{"line":1693,"column":5}},"type":"if","locations":[{"start":{"line":1689,"column":11},"end":{"line":1693,"column":5}},{"start":{"line":1689,"column":11},"end":{"line":1693,"column":5}}],"line":1689},"6":{"loc":{"start":{"line":1689,"column":14},"end":{"line":1689,"column":39}},"type":"binary-expr","locations":[{"start":{"line":1689,"column":14},"end":{"line":1689,"column":25}},{"start":{"line":1689,"column":29},"end":{"line":1689,"column":39}}],"line":1689},"7":{"loc":{"start":{"line":1691,"column":11},"end":{"line":1693,"column":5}},"type":"if","locations":[{"start":{"line":1691,"column":11},"end":{"line":1693,"column":5}},{"start":{"line":1691,"column":11},"end":{"line":1693,"column":5}}],"line":1691},"8":{"loc":{"start":{"line":1702,"column":3},"end":{"line":1761,"column":3}},"type":"if","locations":[{"start":{"line":1702,"column":3},"end":{"line":1761,"column":3}},{"start":{"line":1702,"column":3},"end":{"line":1761,"column":3}}],"line":1702},"9":{"loc":{"start":{"line":1703,"column":6},"end":{"line":1730,"column":7}},"type":"if","locations":[{"start":{"line":1703,"column":6},"end":{"line":1730,"column":7}},{"start":{"line":1703,"column":6},"end":{"line":1730,"column":7}}],"line":1703},"10":{"loc":{"start":{"line":1706,"column":13},"end":{"line":1730,"column":7}},"type":"if","locations":[{"start":{"line":1706,"column":13},"end":{"line":1730,"column":7}},{"start":{"line":1706,"column":13},"end":{"line":1730,"column":7}}],"line":1706},"11":{"loc":{"start":{"line":1706,"column":17},"end":{"line":1706,"column":49}},"type":"binary-expr","locations":[{"start":{"line":1706,"column":17},"end":{"line":1706,"column":31}},{"start":{"line":1706,"column":35},"end":{"line":1706,"column":49}}],"line":1706},"12":{"loc":{"start":{"line":1709,"column":13},"end":{"line":1730,"column":7}},"type":"if","locations":[{"start":{"line":1709,"column":13},"end":{"line":1730,"column":7}},{"start":{"line":1709,"column":13},"end":{"line":1730,"column":7}}],"line":1709},"13":{"loc":{"start":{"line":1709,"column":17},"end":{"line":1709,"column":49}},"type":"binary-expr","locations":[{"start":{"line":1709,"column":17},"end":{"line":1709,"column":31}},{"start":{"line":1709,"column":35},"end":{"line":1709,"column":49}}],"line":1709},"14":{"loc":{"start":{"line":1712,"column":13},"end":{"line":1730,"column":7}},"type":"if","locations":[{"start":{"line":1712,"column":13},"end":{"line":1730,"column":7}},{"start":{"line":1712,"column":13},"end":{"line":1730,"column":7}}],"line":1712},"15":{"loc":{"start":{"line":1712,"column":17},"end":{"line":1712,"column":49}},"type":"binary-expr","locations":[{"start":{"line":1712,"column":17},"end":{"line":1712,"column":31}},{"start":{"line":1712,"column":35},"end":{"line":1712,"column":49}}],"line":1712},"16":{"loc":{"start":{"line":1715,"column":13},"end":{"line":1730,"column":7}},"type":"if","locations":[{"start":{"line":1715,"column":13},"end":{"line":1730,"column":7}},{"start":{"line":1715,"column":13},"end":{"line":1730,"column":7}}],"line":1715},"17":{"loc":{"start":{"line":1715,"column":17},"end":{"line":1715,"column":49}},"type":"binary-expr","locations":[{"start":{"line":1715,"column":17},"end":{"line":1715,"column":31}},{"start":{"line":1715,"column":35},"end":{"line":1715,"column":49}}],"line":1715},"18":{"loc":{"start":{"line":1718,"column":13},"end":{"line":1730,"column":7}},"type":"if","locations":[{"start":{"line":1718,"column":13},"end":{"line":1730,"column":7}},{"start":{"line":1718,"column":13},"end":{"line":1730,"column":7}}],"line":1718},"19":{"loc":{"start":{"line":1718,"column":17},"end":{"line":1718,"column":49}},"type":"binary-expr","locations":[{"start":{"line":1718,"column":17},"end":{"line":1718,"column":31}},{"start":{"line":1718,"column":35},"end":{"line":1718,"column":49}}],"line":1718},"20":{"loc":{"start":{"line":1721,"column":13},"end":{"line":1730,"column":7}},"type":"if","locations":[{"start":{"line":1721,"column":13},"end":{"line":1730,"column":7}},{"start":{"line":1721,"column":13},"end":{"line":1730,"column":7}}],"line":1721},"21":{"loc":{"start":{"line":1721,"column":17},"end":{"line":1721,"column":49}},"type":"binary-expr","locations":[{"start":{"line":1721,"column":17},"end":{"line":1721,"column":31}},{"start":{"line":1721,"column":35},"end":{"line":1721,"column":49}}],"line":1721},"22":{"loc":{"start":{"line":1724,"column":13},"end":{"line":1730,"column":7}},"type":"if","locations":[{"start":{"line":1724,"column":13},"end":{"line":1730,"column":7}},{"start":{"line":1724,"column":13},"end":{"line":1730,"column":7}}],"line":1724},"23":{"loc":{"start":{"line":1724,"column":17},"end":{"line":1724,"column":49}},"type":"binary-expr","locations":[{"start":{"line":1724,"column":17},"end":{"line":1724,"column":31}},{"start":{"line":1724,"column":35},"end":{"line":1724,"column":49}}],"line":1724},"24":{"loc":{"start":{"line":1727,"column":13},"end":{"line":1730,"column":7}},"type":"if","locations":[{"start":{"line":1727,"column":13},"end":{"line":1730,"column":7}},{"start":{"line":1727,"column":13},"end":{"line":1730,"column":7}}],"line":1727},"25":{"loc":{"start":{"line":1732,"column":8},"end":{"line":1759,"column":5}},"type":"if","locations":[{"start":{"line":1732,"column":8},"end":{"line":1759,"column":5}},{"start":{"line":1732,"column":8},"end":{"line":1759,"column":5}}],"line":1732},"26":{"loc":{"start":{"line":1735,"column":11},"end":{"line":1759,"column":5}},"type":"if","locations":[{"start":{"line":1735,"column":11},"end":{"line":1759,"column":5}},{"start":{"line":1735,"column":11},"end":{"line":1759,"column":5}}],"line":1735},"27":{"loc":{"start":{"line":1735,"column":15},"end":{"line":1735,"column":47}},"type":"binary-expr","locations":[{"start":{"line":1735,"column":15},"end":{"line":1735,"column":29}},{"start":{"line":1735,"column":33},"end":{"line":1735,"column":47}}],"line":1735},"28":{"loc":{"start":{"line":1738,"column":11},"end":{"line":1759,"column":5}},"type":"if","locations":[{"start":{"line":1738,"column":11},"end":{"line":1759,"column":5}},{"start":{"line":1738,"column":11},"end":{"line":1759,"column":5}}],"line":1738},"29":{"loc":{"start":{"line":1738,"column":15},"end":{"line":1738,"column":47}},"type":"binary-expr","locations":[{"start":{"line":1738,"column":15},"end":{"line":1738,"column":29}},{"start":{"line":1738,"column":33},"end":{"line":1738,"column":47}}],"line":1738},"30":{"loc":{"start":{"line":1741,"column":11},"end":{"line":1759,"column":5}},"type":"if","locations":[{"start":{"line":1741,"column":11},"end":{"line":1759,"column":5}},{"start":{"line":1741,"column":11},"end":{"line":1759,"column":5}}],"line":1741},"31":{"loc":{"start":{"line":1741,"column":15},"end":{"line":1741,"column":47}},"type":"binary-expr","locations":[{"start":{"line":1741,"column":15},"end":{"line":1741,"column":29}},{"start":{"line":1741,"column":33},"end":{"line":1741,"column":47}}],"line":1741},"32":{"loc":{"start":{"line":1744,"column":11},"end":{"line":1759,"column":5}},"type":"if","locations":[{"start":{"line":1744,"column":11},"end":{"line":1759,"column":5}},{"start":{"line":1744,"column":11},"end":{"line":1759,"column":5}}],"line":1744},"33":{"loc":{"start":{"line":1744,"column":15},"end":{"line":1744,"column":47}},"type":"binary-expr","locations":[{"start":{"line":1744,"column":15},"end":{"line":1744,"column":29}},{"start":{"line":1744,"column":33},"end":{"line":1744,"column":47}}],"line":1744},"34":{"loc":{"start":{"line":1747,"column":11},"end":{"line":1759,"column":5}},"type":"if","locations":[{"start":{"line":1747,"column":11},"end":{"line":1759,"column":5}},{"start":{"line":1747,"column":11},"end":{"line":1759,"column":5}}],"line":1747},"35":{"loc":{"start":{"line":1747,"column":15},"end":{"line":1747,"column":47}},"type":"binary-expr","locations":[{"start":{"line":1747,"column":15},"end":{"line":1747,"column":29}},{"start":{"line":1747,"column":33},"end":{"line":1747,"column":47}}],"line":1747},"36":{"loc":{"start":{"line":1750,"column":11},"end":{"line":1759,"column":5}},"type":"if","locations":[{"start":{"line":1750,"column":11},"end":{"line":1759,"column":5}},{"start":{"line":1750,"column":11},"end":{"line":1759,"column":5}}],"line":1750},"37":{"loc":{"start":{"line":1750,"column":15},"end":{"line":1750,"column":47}},"type":"binary-expr","locations":[{"start":{"line":1750,"column":15},"end":{"line":1750,"column":29}},{"start":{"line":1750,"column":33},"end":{"line":1750,"column":47}}],"line":1750},"38":{"loc":{"start":{"line":1753,"column":11},"end":{"line":1759,"column":5}},"type":"if","locations":[{"start":{"line":1753,"column":11},"end":{"line":1759,"column":5}},{"start":{"line":1753,"column":11},"end":{"line":1759,"column":5}}],"line":1753},"39":{"loc":{"start":{"line":1753,"column":15},"end":{"line":1753,"column":47}},"type":"binary-expr","locations":[{"start":{"line":1753,"column":15},"end":{"line":1753,"column":29}},{"start":{"line":1753,"column":33},"end":{"line":1753,"column":47}}],"line":1753},"40":{"loc":{"start":{"line":1756,"column":11},"end":{"line":1759,"column":5}},"type":"if","locations":[{"start":{"line":1756,"column":11},"end":{"line":1759,"column":5}},{"start":{"line":1756,"column":11},"end":{"line":1759,"column":5}}],"line":1756},"41":{"loc":{"start":{"line":1766,"column":4},"end":{"line":1778,"column":5}},"type":"if","locations":[{"start":{"line":1766,"column":4},"end":{"line":1778,"column":5}},{"start":{"line":1766,"column":4},"end":{"line":1778,"column":5}}],"line":1766},"42":{"loc":{"start":{"line":1766,"column":7},"end":{"line":1766,"column":106}},"type":"binary-expr","locations":[{"start":{"line":1766,"column":7},"end":{"line":1766,"column":36}},{"start":{"line":1766,"column":40},"end":{"line":1766,"column":55}},{"start":{"line":1766,"column":59},"end":{"line":1766,"column":79}},{"start":{"line":1766,"column":83},"end":{"line":1766,"column":106}}],"line":1766},"43":{"loc":{"start":{"line":1769,"column":9},"end":{"line":1778,"column":5}},"type":"if","locations":[{"start":{"line":1769,"column":9},"end":{"line":1778,"column":5}},{"start":{"line":1769,"column":9},"end":{"line":1778,"column":5}}],"line":1769},"44":{"loc":{"start":{"line":1774,"column":12},"end":{"line":1776,"column":13}},"type":"if","locations":[{"start":{"line":1774,"column":12},"end":{"line":1776,"column":13}},{"start":{"line":1774,"column":12},"end":{"line":1776,"column":13}}],"line":1774},"45":{"loc":{"start":{"line":1782,"column":2},"end":{"line":1794,"column":5}},"type":"if","locations":[{"start":{"line":1782,"column":2},"end":{"line":1794,"column":5}},{"start":{"line":1782,"column":2},"end":{"line":1794,"column":5}}],"line":1782},"46":{"loc":{"start":{"line":1782,"column":5},"end":{"line":1782,"column":100}},"type":"binary-expr","locations":[{"start":{"line":1782,"column":5},"end":{"line":1782,"column":33}},{"start":{"line":1782,"column":37},"end":{"line":1782,"column":51}},{"start":{"line":1782,"column":55},"end":{"line":1782,"column":74}},{"start":{"line":1782,"column":78},"end":{"line":1782,"column":100}}],"line":1782},"47":{"loc":{"start":{"line":1785,"column":9},"end":{"line":1794,"column":5}},"type":"if","locations":[{"start":{"line":1785,"column":9},"end":{"line":1794,"column":5}},{"start":{"line":1785,"column":9},"end":{"line":1794,"column":5}}],"line":1785},"48":{"loc":{"start":{"line":1790,"column":12},"end":{"line":1792,"column":13}},"type":"if","locations":[{"start":{"line":1790,"column":12},"end":{"line":1792,"column":13}},{"start":{"line":1790,"column":12},"end":{"line":1792,"column":13}}],"line":1790},"49":{"loc":{"start":{"line":1799,"column":4},"end":{"line":1809,"column":5}},"type":"if","locations":[{"start":{"line":1799,"column":4},"end":{"line":1809,"column":5}},{"start":{"line":1799,"column":4},"end":{"line":1809,"column":5}}],"line":1799},"50":{"loc":{"start":{"line":1799,"column":7},"end":{"line":1799,"column":55}},"type":"binary-expr","locations":[{"start":{"line":1799,"column":7},"end":{"line":1799,"column":27}},{"start":{"line":1799,"column":31},"end":{"line":1799,"column":55}}],"line":1799},"51":{"loc":{"start":{"line":1804,"column":12},"end":{"line":1807,"column":13}},"type":"if","locations":[{"start":{"line":1804,"column":12},"end":{"line":1807,"column":13}},{"start":{"line":1804,"column":12},"end":{"line":1807,"column":13}}],"line":1804},"52":{"loc":{"start":{"line":1815,"column":2},"end":{"line":1824,"column":3}},"type":"if","locations":[{"start":{"line":1815,"column":2},"end":{"line":1824,"column":3}},{"start":{"line":1815,"column":2},"end":{"line":1824,"column":3}}],"line":1815},"53":{"loc":{"start":{"line":1815,"column":5},"end":{"line":1815,"column":55}},"type":"binary-expr","locations":[{"start":{"line":1815,"column":5},"end":{"line":1815,"column":26}},{"start":{"line":1815,"column":30},"end":{"line":1815,"column":55}}],"line":1815},"54":{"loc":{"start":{"line":1819,"column":6},"end":{"line":1822,"column":7}},"type":"if","locations":[{"start":{"line":1819,"column":6},"end":{"line":1822,"column":7}},{"start":{"line":1819,"column":6},"end":{"line":1822,"column":7}}],"line":1819},"55":{"loc":{"start":{"line":1832,"column":2},"end":{"line":1895,"column":3}},"type":"if","locations":[{"start":{"line":1832,"column":2},"end":{"line":1895,"column":3}},{"start":{"line":1832,"column":2},"end":{"line":1895,"column":3}}],"line":1832},"56":{"loc":{"start":{"line":1834,"column":6},"end":{"line":1850,"column":7}},"type":"if","locations":[{"start":{"line":1834,"column":6},"end":{"line":1850,"column":7}},{"start":{"line":1834,"column":6},"end":{"line":1850,"column":7}}],"line":1834},"57":{"loc":{"start":{"line":1834,"column":9},"end":{"line":1834,"column":48}},"type":"binary-expr","locations":[{"start":{"line":1834,"column":9},"end":{"line":1834,"column":26}},{"start":{"line":1834,"column":30},"end":{"line":1834,"column":48}}],"line":1834},"58":{"loc":{"start":{"line":1839,"column":11},"end":{"line":1850,"column":7}},"type":"if","locations":[{"start":{"line":1839,"column":11},"end":{"line":1850,"column":7}},{"start":{"line":1839,"column":11},"end":{"line":1850,"column":7}}],"line":1839},"59":{"loc":{"start":{"line":1839,"column":15},"end":{"line":1839,"column":54}},"type":"binary-expr","locations":[{"start":{"line":1839,"column":15},"end":{"line":1839,"column":33}},{"start":{"line":1839,"column":37},"end":{"line":1839,"column":54}}],"line":1839},"60":{"loc":{"start":{"line":1844,"column":11},"end":{"line":1850,"column":7}},"type":"if","locations":[{"start":{"line":1844,"column":11},"end":{"line":1850,"column":7}},{"start":{"line":1844,"column":11},"end":{"line":1850,"column":7}}],"line":1844},"61":{"loc":{"start":{"line":1844,"column":14},"end":{"line":1844,"column":52}},"type":"binary-expr","locations":[{"start":{"line":1844,"column":14},"end":{"line":1844,"column":31}},{"start":{"line":1844,"column":35},"end":{"line":1844,"column":52}}],"line":1844},"62":{"loc":{"start":{"line":1853,"column":7},"end":{"line":1895,"column":3}},"type":"if","locations":[{"start":{"line":1853,"column":7},"end":{"line":1895,"column":3}},{"start":{"line":1853,"column":7},"end":{"line":1895,"column":3}}],"line":1853},"63":{"loc":{"start":{"line":1855,"column":6},"end":{"line":1874,"column":7}},"type":"if","locations":[{"start":{"line":1855,"column":6},"end":{"line":1874,"column":7}},{"start":{"line":1855,"column":6},"end":{"line":1874,"column":7}}],"line":1855},"64":{"loc":{"start":{"line":1855,"column":9},"end":{"line":1855,"column":48}},"type":"binary-expr","locations":[{"start":{"line":1855,"column":9},"end":{"line":1855,"column":26}},{"start":{"line":1855,"column":30},"end":{"line":1855,"column":48}}],"line":1855},"65":{"loc":{"start":{"line":1860,"column":11},"end":{"line":1874,"column":7}},"type":"if","locations":[{"start":{"line":1860,"column":11},"end":{"line":1874,"column":7}},{"start":{"line":1860,"column":11},"end":{"line":1874,"column":7}}],"line":1860},"66":{"loc":{"start":{"line":1860,"column":14},"end":{"line":1860,"column":53}},"type":"binary-expr","locations":[{"start":{"line":1860,"column":14},"end":{"line":1860,"column":32}},{"start":{"line":1860,"column":36},"end":{"line":1860,"column":53}}],"line":1860},"67":{"loc":{"start":{"line":1865,"column":11},"end":{"line":1874,"column":7}},"type":"if","locations":[{"start":{"line":1865,"column":11},"end":{"line":1874,"column":7}},{"start":{"line":1865,"column":11},"end":{"line":1874,"column":7}}],"line":1865},"68":{"loc":{"start":{"line":1865,"column":14},"end":{"line":1865,"column":52}},"type":"binary-expr","locations":[{"start":{"line":1865,"column":14},"end":{"line":1865,"column":31}},{"start":{"line":1865,"column":35},"end":{"line":1865,"column":52}}],"line":1865},"69":{"loc":{"start":{"line":1866,"column":8},"end":{"line":1870,"column":9}},"type":"if","locations":[{"start":{"line":1866,"column":8},"end":{"line":1870,"column":9}},{"start":{"line":1866,"column":8},"end":{"line":1870,"column":9}}],"line":1866},"70":{"loc":{"start":{"line":1877,"column":7},"end":{"line":1895,"column":3}},"type":"if","locations":[{"start":{"line":1877,"column":7},"end":{"line":1895,"column":3}},{"start":{"line":1877,"column":7},"end":{"line":1895,"column":3}}],"line":1877},"71":{"loc":{"start":{"line":1879,"column":6},"end":{"line":1894,"column":7}},"type":"if","locations":[{"start":{"line":1879,"column":6},"end":{"line":1894,"column":7}},{"start":{"line":1879,"column":6},"end":{"line":1894,"column":7}}],"line":1879},"72":{"loc":{"start":{"line":1879,"column":9},"end":{"line":1879,"column":48}},"type":"binary-expr","locations":[{"start":{"line":1879,"column":9},"end":{"line":1879,"column":26}},{"start":{"line":1879,"column":30},"end":{"line":1879,"column":48}}],"line":1879},"73":{"loc":{"start":{"line":1884,"column":11},"end":{"line":1894,"column":7}},"type":"if","locations":[{"start":{"line":1884,"column":11},"end":{"line":1894,"column":7}},{"start":{"line":1884,"column":11},"end":{"line":1894,"column":7}}],"line":1884},"74":{"loc":{"start":{"line":1884,"column":14},"end":{"line":1884,"column":53}},"type":"binary-expr","locations":[{"start":{"line":1884,"column":14},"end":{"line":1884,"column":32}},{"start":{"line":1884,"column":36},"end":{"line":1884,"column":53}}],"line":1884},"75":{"loc":{"start":{"line":1889,"column":11},"end":{"line":1894,"column":7}},"type":"if","locations":[{"start":{"line":1889,"column":11},"end":{"line":1894,"column":7}},{"start":{"line":1889,"column":11},"end":{"line":1894,"column":7}}],"line":1889},"76":{"loc":{"start":{"line":1889,"column":14},"end":{"line":1889,"column":52}},"type":"binary-expr","locations":[{"start":{"line":1889,"column":14},"end":{"line":1889,"column":31}},{"start":{"line":1889,"column":35},"end":{"line":1889,"column":52}}],"line":1889},"77":{"loc":{"start":{"line":1912,"column":4},"end":{"line":1920,"column":5}},"type":"if","locations":[{"start":{"line":1912,"column":4},"end":{"line":1920,"column":5}},{"start":{"line":1912,"column":4},"end":{"line":1920,"column":5}}],"line":1912},"78":{"loc":{"start":{"line":1923,"column":4},"end":{"line":1931,"column":5}},"type":"if","locations":[{"start":{"line":1923,"column":4},"end":{"line":1931,"column":5}},{"start":{"line":1923,"column":4},"end":{"line":1931,"column":5}}],"line":1923},"79":{"loc":{"start":{"line":1934,"column":4},"end":{"line":1942,"column":5}},"type":"if","locations":[{"start":{"line":1934,"column":4},"end":{"line":1942,"column":5}},{"start":{"line":1934,"column":4},"end":{"line":1942,"column":5}}],"line":1934},"80":{"loc":{"start":{"line":1959,"column":4},"end":{"line":1967,"column":5}},"type":"if","locations":[{"start":{"line":1959,"column":4},"end":{"line":1967,"column":5}},{"start":{"line":1959,"column":4},"end":{"line":1967,"column":5}}],"line":1959},"81":{"loc":{"start":{"line":1982,"column":4},"end":{"line":1990,"column":5}},"type":"if","locations":[{"start":{"line":1982,"column":4},"end":{"line":1990,"column":5}},{"start":{"line":1982,"column":4},"end":{"line":1990,"column":5}}],"line":1982}},"s":{"0":1,"1":1,"2":1,"3":1,"4":1,"5":1,"6":1,"7":1,"8":1,"9":1,"10":1,"11":1,"12":1,"13":1,"14":1,"15":1,"16":1,"17":1,"18":1,"19":1,"20":1,"21":1,"22":1,"23":1,"24":1,"25":1,"26":1,"27":1,"28":1,"29":1,"30":1,"31":1,"32":1,"33":1,"34":1,"35":1,"36":1,"37":1,"38":1,"39":1,"40":1,"41":1,"42":1,"43":1,"44":1,"45":1,"46":1,"47":1,"48":1,"49":1,"50":1,"51":1,"52":1,"53":1,"54":1,"55":1,"56":1,"57":1,"58":1,"59":1,"60":1,"61":1,"62":1,"63":1,"64":1,"65":1,"66":1,"67":1,"68":1,"69":1,"70":1,"71":1,"72":1,"73":1,"74":0,"75":0,"76":0,"77":0,"78":0,"79":0,"80":0,"81":0,"82":0,"83":0,"84":0,"85":0,"86":0,"87":0,"88":0,"89":0,"90":0,"91":0,"92":0,"93":0,"94":0,"95":0,"96":0,"97":0,"98":0,"99":0,"100":0,"101":0,"102":0,"103":0,"104":0,"105":0,"106":0,"107":0,"108":0,"109":0,"110":0,"111":0,"112":0,"113":0,"114":0,"115":18,"116":18,"117":9,"118":1,"119":1,"120":8,"121":1,"122":1,"123":7,"124":1,"125":1,"126":6,"127":1,"128":1,"129":5,"130":1,"131":1,"132":4,"133":1,"134":1,"135":3,"136":1,"137":1,"138":2,"139":1,"140":1,"141":1,"142":1,"143":1,"144":9,"145":1,"146":1,"147":8,"148":1,"149":1,"150":7,"151":1,"152":1,"153":6,"154":1,"155":1,"156":5,"157":1,"158":1,"159":4,"160":1,"161":1,"162":3,"163":1,"164":1,"165":2,"166":1,"167":1,"168":1,"169":1,"170":1,"171":126,"172":72,"173":54,"174":18,"175":36,"176":36,"177":540,"178":36,"179":126,"180":72,"181":54,"182":19,"183":35,"184":35,"185":367,"186":35,"187":126,"188":126,"189":54,"190":72,"191":72,"192":824,"193":72,"194":72,"195":90,"196":90,"197":54,"198":36,"199":36,"200":54,"201":36,"202":36,"203":19,"204":19,"205":19,"206":8,"207":2,"208":2,"209":6,"210":2,"211":2,"212":4,"213":2,"214":2,"215":2,"216":11,"217":3,"218":1,"219":1,"220":2,"221":1,"222":1,"223":1,"224":0,"225":0,"226":0,"227":1,"228":1,"229":8,"230":8,"231":2,"232":2,"233":6,"234":2,"235":2,"236":4,"237":2,"238":2,"239":2,"240":1,"241":0,"242":0,"243":0,"244":0,"245":0,"246":0,"247":0,"248":0,"249":0,"250":0,"251":0,"252":0,"253":0,"254":0,"255":0,"256":0,"257":0,"258":0,"259":0,"260":0,"261":0,"262":0,"263":0,"264":0,"265":0,"266":0,"267":0,"268":0,"269":0,"270":0,"271":0,"272":0,"273":0,"274":0,"275":0,"276":0,"277":0,"278":0,"279":0,"280":0,"281":0,"282":0,"283":0,"284":0,"285":0,"286":0,"287":0,"288":0,"289":0,"290":0,"291":0,"292":0,"293":0},"f":{"0":0,"1":0,"2":18,"3":126,"4":126,"5":126,"6":90,"7":19,"8":0,"9":0,"10":0,"11":0,"12":0,"13":0,"14":0,"15":0,"16":0,"17":0,"18":0,"19":0},"b":{"0":[0,0],"1":[0,0],"2":[0,0],"3":[0,0],"4":[0,0],"5":[0,0],"6":[0,0],"7":[0,0],"8":[9,9],"9":[1,8],"10":[1,7],"11":[8,1],"12":[1,6],"13":[7,1],"14":[1,5],"15":[6,1],"16":[1,4],"17":[5,1],"18":[1,3],"19":[4,1],"20":[1,2],"21":[3,1],"22":[1,1],"23":[2,1],"24":[1,0],"25":[1,8],"26":[1,7],"27":[8,1],"28":[1,6],"29":[7,1],"30":[1,5],"31":[6,1],"32":[1,4],"33":[5,1],"34":[1,3],"35":[4,1],"36":[1,2],"37":[3,1],"38":[1,1],"39":[2,1],"40":[1,0],"41":[72,54],"42":[126,72,54,54],"43":[18,36],"44":[36,504],"45":[72,54],"46":[126,72,54,54],"47":[19,35],"48":[35,332],"49":[54,72],"50":[126,108],"51":[72,752],"52":[54,36],"53":[90,72],"54":[36,18],"55":[8,11],"56":[2,6],"57":[8,4],"58":[2,4],"59":[6,4],"60":[2,2],"61":[4,2],"62":[3,8],"63":[1,2],"64":[3,1],"65":[1,1],"66":[2,2],"67":[0,1],"68":[1,0],"69":[0,0],"70":[8,0],"71":[2,6],"72":[8,4],"73":[2,4],"74":[6,4],"75":[2,2],"76":[4,2],"77":[0,0],"78":[0,0],"79":[0,0],"80":[0,0],"81":[0,0]},"_coverageSchema":"1a1c01bbd47fc00a2c39e90264f33305004495a9","hash":"bda2bf76b9eb9a83f5c30f534b4c5a002d9cf43d"}
}
