TN:
SF:Form.js
FN:1630,(anonymous_0)
FN:1638,myfunction
FN:1699,ageGetter
FN:1765,pushUpsGetter
FN:1781,sitUpsGetter
FN:1797,runGetter
FN:1813,walkGetter
FN:1828,finalScore
FN:1901,(anonymous_8)
FN:1911,exemptRadioChanged
FN:1922,walkRadioChanged
FN:1933,runRadioChanged
FN:1944,addNewRunWalkClassFunc
FN:1948,returnOldRunWalkClass
FN:1958,pushUpWaiverChanged
FN:1969,addNewPushUpClassFunc
FN:1972,returnOldPushUpClass
FN:1981,sitUpWaiverChanged
FN:1992,addNewSitUpClassFunc
FN:1995,returnOldSitUpClass
FNF:20
FNH:6
FNDA:0,(anonymous_0)
FNDA:0,myfunction
FNDA:18,ageGetter
FNDA:126,pushUpsGetter
FNDA:126,sitUpsGetter
FNDA:126,runGetter
FNDA:90,walkGetter
FNDA:19,finalScore
FNDA:0,(anonymous_8)
FNDA:0,exemptRadioChanged
FNDA:0,walkRadioChanged
FNDA:0,runRadioChanged
FNDA:0,addNewRunWalkClassFunc
FNDA:0,returnOldRunWalkClass
FNDA:0,pushUpWaiverChanged
FNDA:0,addNewPushUpClassFunc
FNDA:0,returnOldPushUpClass
FNDA:0,sitUpWaiverChanged
FNDA:0,addNewSitUpClassFunc
FNDA:0,returnOldSitUpClass
DA:6,1
DA:13,1
DA:54,1
DA:77,1
DA:103,1
DA:109,1
DA:149,1
DA:171,1
DA:197,1
DA:203,1
DA:241,1
DA:264,1
DA:291,1
DA:297,1
DA:332,1
DA:355,1
DA:382,1
DA:388,1
DA:419,1
DA:443,1
DA:470,1
DA:476,1
DA:510,1
DA:535,1
DA:562,1
DA:568,1
DA:597,1
DA:623,1
DA:650,1
DA:656,1
DA:682,1
DA:709,1
DA:736,1
DA:742,1
DA:766,1
DA:794,1
DA:820,1
DA:826,1
DA:863,1
DA:887,1
DA:913,1
DA:919,1
DA:957,1
DA:981,1
DA:1007,1
DA:1013,1
DA:1053,1
DA:1077,1
DA:1102,1
DA:1108,1
DA:1145,1
DA:1168,1
DA:1194,1
DA:1200,1
DA:1234,1
DA:1259,1
DA:1285,1
DA:1291,1
DA:1325,1
DA:1346,1
DA:1372,1
DA:1378,1
DA:1411,1
DA:1431,1
DA:1454,1
DA:1460,1
DA:1488,1
DA:1513,1
DA:1536,1
DA:1542,1
DA:1564,1
DA:1592,1
DA:1614,1
DA:1630,1
DA:1632,0
DA:1633,0
DA:1641,0
DA:1642,0
DA:1643,0
DA:1644,0
DA:1648,0
DA:1649,0
DA:1651,0
DA:1652,0
DA:1653,0
DA:1654,0
DA:1655,0
DA:1656,0
DA:1659,0
DA:1660,0
DA:1662,0
DA:1663,0
DA:1665,0
DA:1666,0
DA:1669,0
DA:1673,0
DA:1674,0
DA:1676,0
DA:1677,0
DA:1678,0
DA:1679,0
DA:1680,0
DA:1681,0
DA:1682,0
DA:1685,0
DA:1686,0
DA:1687,0
DA:1688,0
DA:1689,0
DA:1690,0
DA:1691,0
DA:1692,0
DA:1694,0
DA:1700,18
DA:1702,18
DA:1703,9
DA:1704,1
DA:1705,1
DA:1706,8
DA:1707,1
DA:1708,1
DA:1709,7
DA:1710,1
DA:1711,1
DA:1712,6
DA:1713,1
DA:1714,1
DA:1715,5
DA:1716,1
DA:1717,1
DA:1718,4
DA:1719,1
DA:1720,1
DA:1721,3
DA:1722,1
DA:1723,1
DA:1724,2
DA:1725,1
DA:1726,1
DA:1727,1
DA:1728,1
DA:1729,1
DA:1732,9
DA:1733,1
DA:1734,1
DA:1735,8
DA:1736,1
DA:1737,1
DA:1738,7
DA:1739,1
DA:1740,1
DA:1741,6
DA:1742,1
DA:1743,1
DA:1744,5
DA:1745,1
DA:1746,1
DA:1747,4
DA:1748,1
DA:1749,1
DA:1750,3
DA:1751,1
DA:1752,1
DA:1753,2
DA:1754,1
DA:1755,1
DA:1756,1
DA:1757,1
DA:1758,1
DA:1766,126
DA:1767,72
DA:1769,54
DA:1770,18
DA:1773,36
DA:1774,540
DA:1775,36
DA:1782,126
DA:1783,72
DA:1785,54
DA:1786,19
DA:1789,35
DA:1790,367
DA:1791,35
DA:1798,126
DA:1799,126
DA:1800,54
DA:1803,72
DA:1804,824
DA:1805,72
DA:1806,72
DA:1814,90
DA:1815,90
DA:1816,54
DA:1818,36
DA:1819,54
DA:1820,36
DA:1821,36
DA:1829,19
DA:1830,19
DA:1832,19
DA:1834,8
DA:1835,2
DA:1836,2
DA:1839,6
DA:1840,2
DA:1841,2
DA:1844,4
DA:1846,2
DA:1847,2
DA:1849,2
DA:1853,11
DA:1855,3
DA:1856,1
DA:1857,1
DA:1860,2
DA:1861,1
DA:1862,1
DA:1865,1
DA:1866,0
DA:1867,0
DA:1869,0
DA:1872,1
DA:1873,1
DA:1877,8
DA:1879,8
DA:1880,2
DA:1881,2
DA:1884,6
DA:1885,2
DA:1886,2
DA:1889,4
DA:1890,2
DA:1891,2
DA:1893,2
DA:1901,1
DA:1903,0
DA:1904,0
DA:1905,0
DA:1906,0
DA:1907,0
DA:1908,0
DA:1912,0
DA:1913,0
DA:1914,0
DA:1915,0
DA:1916,0
DA:1917,0
DA:1919,0
DA:1923,0
DA:1924,0
DA:1925,0
DA:1926,0
DA:1927,0
DA:1928,0
DA:1930,0
DA:1934,0
DA:1935,0
DA:1936,0
DA:1937,0
DA:1938,0
DA:1939,0
DA:1941,0
DA:1945,0
DA:1946,0
DA:1949,0
DA:1950,0
DA:1954,0
DA:1955,0
DA:1959,0
DA:1960,0
DA:1961,0
DA:1962,0
DA:1964,0
DA:1965,0
DA:1966,0
DA:1970,0
DA:1973,0
DA:1977,0
DA:1978,0
DA:1982,0
DA:1983,0
DA:1984,0
DA:1985,0
DA:1987,0
DA:1988,0
DA:1989,0
DA:1993,0
DA:1996,0
LF:288
LH:193
BRDA:1659,0,0,0
BRDA:1659,0,1,0
BRDA:1662,1,0,0
BRDA:1662,1,1,0
BRDA:1678,2,0,0
BRDA:1678,2,1,0
BRDA:1680,3,0,0
BRDA:1680,3,1,0
BRDA:1687,4,0,0
BRDA:1687,4,1,0
BRDA:1689,5,0,0
BRDA:1689,5,1,0
BRDA:1689,6,0,0
BRDA:1689,6,1,0
BRDA:1691,7,0,0
BRDA:1691,7,1,0
BRDA:1702,8,0,9
BRDA:1702,8,1,9
BRDA:1703,9,0,1
BRDA:1703,9,1,8
BRDA:1706,10,0,1
BRDA:1706,10,1,7
BRDA:1706,11,0,8
BRDA:1706,11,1,1
BRDA:1709,12,0,1
BRDA:1709,12,1,6
BRDA:1709,13,0,7
BRDA:1709,13,1,1
BRDA:1712,14,0,1
BRDA:1712,14,1,5
BRDA:1712,15,0,6
BRDA:1712,15,1,1
BRDA:1715,16,0,1
BRDA:1715,16,1,4
BRDA:1715,17,0,5
BRDA:1715,17,1,1
BRDA:1718,18,0,1
BRDA:1718,18,1,3
BRDA:1718,19,0,4
BRDA:1718,19,1,1
BRDA:1721,20,0,1
BRDA:1721,20,1,2
BRDA:1721,21,0,3
BRDA:1721,21,1,1
BRDA:1724,22,0,1
BRDA:1724,22,1,1
BRDA:1724,23,0,2
BRDA:1724,23,1,1
BRDA:1727,24,0,1
BRDA:1727,24,1,0
BRDA:1732,25,0,1
BRDA:1732,25,1,8
BRDA:1735,26,0,1
BRDA:1735,26,1,7
BRDA:1735,27,0,8
BRDA:1735,27,1,1
BRDA:1738,28,0,1
BRDA:1738,28,1,6
BRDA:1738,29,0,7
BRDA:1738,29,1,1
BRDA:1741,30,0,1
BRDA:1741,30,1,5
BRDA:1741,31,0,6
BRDA:1741,31,1,1
BRDA:1744,32,0,1
BRDA:1744,32,1,4
BRDA:1744,33,0,5
BRDA:1744,33,1,1
BRDA:1747,34,0,1
BRDA:1747,34,1,3
BRDA:1747,35,0,4
BRDA:1747,35,1,1
BRDA:1750,36,0,1
BRDA:1750,36,1,2
BRDA:1750,37,0,3
BRDA:1750,37,1,1
BRDA:1753,38,0,1
BRDA:1753,38,1,1
BRDA:1753,39,0,2
BRDA:1753,39,1,1
BRDA:1756,40,0,1
BRDA:1756,40,1,0
BRDA:1766,41,0,72
BRDA:1766,41,1,54
BRDA:1766,42,0,126
BRDA:1766,42,1,72
BRDA:1766,42,2,54
BRDA:1766,42,3,54
BRDA:1769,43,0,18
BRDA:1769,43,1,36
BRDA:1774,44,0,36
BRDA:1774,44,1,504
BRDA:1782,45,0,72
BRDA:1782,45,1,54
BRDA:1782,46,0,126
BRDA:1782,46,1,72
BRDA:1782,46,2,54
BRDA:1782,46,3,54
BRDA:1785,47,0,19
BRDA:1785,47,1,35
BRDA:1790,48,0,35
BRDA:1790,48,1,332
BRDA:1799,49,0,54
BRDA:1799,49,1,72
BRDA:1799,50,0,126
BRDA:1799,50,1,108
BRDA:1804,51,0,72
BRDA:1804,51,1,752
BRDA:1815,52,0,54
BRDA:1815,52,1,36
BRDA:1815,53,0,90
BRDA:1815,53,1,72
BRDA:1819,54,0,36
BRDA:1819,54,1,18
BRDA:1832,55,0,8
BRDA:1832,55,1,11
BRDA:1834,56,0,2
BRDA:1834,56,1,6
BRDA:1834,57,0,8
BRDA:1834,57,1,4
BRDA:1839,58,0,2
BRDA:1839,58,1,4
BRDA:1839,59,0,6
BRDA:1839,59,1,4
BRDA:1844,60,0,2
BRDA:1844,60,1,2
BRDA:1844,61,0,4
BRDA:1844,61,1,2
BRDA:1853,62,0,3
BRDA:1853,62,1,8
BRDA:1855,63,0,1
BRDA:1855,63,1,2
BRDA:1855,64,0,3
BRDA:1855,64,1,1
BRDA:1860,65,0,1
BRDA:1860,65,1,1
BRDA:1860,66,0,2
BRDA:1860,66,1,2
BRDA:1865,67,0,0
BRDA:1865,67,1,1
BRDA:1865,68,0,1
BRDA:1865,68,1,0
BRDA:1866,69,0,0
BRDA:1866,69,1,0
BRDA:1877,70,0,8
BRDA:1877,70,1,0
BRDA:1879,71,0,2
BRDA:1879,71,1,6
BRDA:1879,72,0,8
BRDA:1879,72,1,4
BRDA:1884,73,0,2
BRDA:1884,73,1,4
BRDA:1884,74,0,6
BRDA:1884,74,1,4
BRDA:1889,75,0,2
BRDA:1889,75,1,2
BRDA:1889,76,0,4
BRDA:1889,76,1,2
BRDA:1912,77,0,0
BRDA:1912,77,1,0
BRDA:1923,78,0,0
BRDA:1923,78,1,0
BRDA:1934,79,0,0
BRDA:1934,79,1,0
BRDA:1959,80,0,0
BRDA:1959,80,1,0
BRDA:1982,81,0,0
BRDA:1982,81,1,0
BRF:168
BRH:135
end_of_record
